Determining if the pthread_create exist failed with the following output:
Change Dir: /home/lacie/Github/visual-slam/9-BoW/build/CMakeFiles/CMakeTmp

Run Build Command:"/usr/bin/make" "cmTC_6f078/fast"
/usr/bin/make -f CMakeFiles/cmTC_6f078.dir/build.make CMakeFiles/cmTC_6f078.dir/build
make[1]: Entering directory '/home/lacie/Github/visual-slam/9-BoW/build/CMakeFiles/CMakeTmp'
Building C object CMakeFiles/cmTC_6f078.dir/CheckSymbolExists.c.o
/usr/bin/cc   -fPIC    -o CMakeFiles/cmTC_6f078.dir/CheckSymbolExists.c.o   -c /home/lacie/Github/visual-slam/9-BoW/build/CMakeFiles/CMakeTmp/CheckSymbolExists.c
Linking C executable cmTC_6f078
/usr/bin/cmake -E cmake_link_script CMakeFiles/cmTC_6f078.dir/link.txt --verbose=1
/usr/bin/cc -fPIC     -rdynamic CMakeFiles/cmTC_6f078.dir/CheckSymbolExists.c.o  -o cmTC_6f078 
CMakeFiles/cmTC_6f078.dir/CheckSymbolExists.c.o: In function `main':
CheckSymbolExists.c:(.text+0x1b): undefined reference to `pthread_create'
collect2: error: ld returned 1 exit status
CMakeFiles/cmTC_6f078.dir/build.make:97: recipe for target 'cmTC_6f078' failed
make[1]: *** [cmTC_6f078] Error 1
make[1]: Leaving directory '/home/lacie/Github/visual-slam/9-BoW/build/CMakeFiles/CMakeTmp'
Makefile:126: recipe for target 'cmTC_6f078/fast' failed
make: *** [cmTC_6f078/fast] Error 2

File /home/lacie/Github/visual-slam/9-BoW/build/CMakeFiles/CMakeTmp/CheckSymbolExists.c:
/* */
#include <pthread.h>

int main(int argc, char** argv)
{
  (void)argv;
#ifndef pthread_create
  return ((int*)(&pthread_create))[argc];
#else
  (void)argc;
  return 0;
#endif
}

Determining if the function pthread_create exists in the pthreads failed with the following output:
Change Dir: /home/lacie/Github/visual-slam/9-BoW/build/CMakeFiles/CMakeTmp

Run Build Command:"/usr/bin/make" "cmTC_f6138/fast"
/usr/bin/make -f CMakeFiles/cmTC_f6138.dir/build.make CMakeFiles/cmTC_f6138.dir/build
make[1]: Entering directory '/home/lacie/Github/visual-slam/9-BoW/build/CMakeFiles/CMakeTmp'
Building C object CMakeFiles/cmTC_f6138.dir/CheckFunctionExists.c.o
/usr/bin/cc   -fPIC -DCHECK_FUNCTION_EXISTS=pthread_create   -o CMakeFiles/cmTC_f6138.dir/CheckFunctionExists.c.o   -c /usr/share/cmake-3.10/Modules/CheckFunctionExists.c
Linking C executable cmTC_f6138
/usr/bin/cmake -E cmake_link_script CMakeFiles/cmTC_f6138.dir/link.txt --verbose=1
/usr/bin/cc -fPIC -DCHECK_FUNCTION_EXISTS=pthread_create    -rdynamic CMakeFiles/cmTC_f6138.dir/CheckFunctionExists.c.o  -o cmTC_f6138 -lpthreads 
/usr/bin/ld: cannot find -lpthreads
collect2: error: ld returned 1 exit status
CMakeFiles/cmTC_f6138.dir/build.make:97: recipe for target 'cmTC_f6138' failed
make[1]: *** [cmTC_f6138] Error 1
make[1]: Leaving directory '/home/lacie/Github/visual-slam/9-BoW/build/CMakeFiles/CMakeTmp'
Makefile:126: recipe for target 'cmTC_f6138/fast' failed
make: *** [cmTC_f6138/fast] Error 2


